<?xml version="1.0" ?>
<coverage version="7.13.5" timestamp="1780081621182" lines-valid="1897" lines-covered="1620" line-rate="0.854" branches-valid="826" branches-covered="598" branch-rate="0.724" complexity="0">
	<!-- Generated by coverage.py: https://coverage.readthedocs.io/en/7.13.5 -->
	<!-- Based on https://raw.githubusercontent.com/cobertura/web/master/htdocs/xml/coverage-04.dtd -->
	<sources>
		<source>/Users/lejansen/work/SQLdataclass</source>
	</sources>
	<packages>
		<package name="src.sqldataclass" line-rate="0.854" branch-rate="0.724" complexity="0">
			<classes>
				<class name="__init__.py" filename="src/sqldataclass/__init__.py" complexity="0" line-rate="1" branch-rate="1">
					<methods/>
					<lines>
						<line number="3" hits="1"/>
						<line number="5" hits="1"/>
						<line number="6" hits="1"/>
						<line number="7" hits="1"/>
						<line number="8" hits="1"/>
						<line number="13" hits="1"/>
						<line number="14" hits="1"/>
						<line number="15" hits="1"/>
						<line number="21" hits="1"/>
						<line number="22" hits="1"/>
						<line number="29" hits="1"/>
						<line number="30" hits="1"/>
						<line number="31" hits="1"/>
						<line number="38" hits="1"/>
					</lines>
				</class>
				<class name="basemodel.py" filename="src/sqldataclass/basemodel.py" complexity="0" line-rate="0.8621" branch-rate="0.775">
					<methods/>
					<lines>
						<line number="17" hits="1"/>
						<line number="19" hits="1"/>
						<line number="20" hits="1"/>
						<line number="21" hits="1"/>
						<line number="30" hits="1"/>
						<line number="31" hits="1"/>
						<line number="32" hits="1"/>
						<line number="33" hits="1"/>
						<line number="35" hits="1"/>
						<line number="36" hits="1"/>
						<line number="48" hits="1"/>
						<line number="55" hits="1"/>
						<line number="70" hits="1"/>
						<line number="77" hits="1"/>
						<line number="79" hits="1"/>
						<line number="85" hits="1"/>
						<line number="88" hits="1" branch="true" condition-coverage="100% (2/2)"/>
						<line number="89" hits="1" branch="true" condition-coverage="50% (1/2)" missing-branches="90"/>
						<line number="90" hits="0"/>
						<line number="91" hits="0"/>
						<line number="96" hits="1"/>
						<line number="97" hits="1" branch="true" condition-coverage="100% (2/2)"/>
						<line number="98" hits="1"/>
						<line number="99" hits="1"/>
						<line number="100" hits="1" branch="true" condition-coverage="50% (1/2)" missing-branches="101"/>
						<line number="101" hits="0"/>
						<line number="105" hits="0"/>
						<line number="108" hits="1"/>
						<line number="109" hits="1"/>
						<line number="110" hits="1"/>
						<line number="111" hits="1"/>
						<line number="112" hits="1"/>
						<line number="113" hits="1"/>
						<line number="114" hits="1"/>
						<line number="115" hits="1"/>
						<line number="117" hits="1"/>
						<line number="118" hits="1"/>
						<line number="120" hits="1"/>
						<line number="122" hits="1"/>
						<line number="123" hits="1" branch="true" condition-coverage="100% (2/2)"/>
						<line number="124" hits="1"/>
						<line number="127" hits="1"/>
						<line number="129" hits="1"/>
						<line number="132" hits="1"/>
						<line number="136" hits="1"/>
						<line number="137" hits="1"/>
						<line number="138" hits="1" branch="true" condition-coverage="100% (2/2)"/>
						<line number="139" hits="1" branch="true" condition-coverage="100% (2/2)"/>
						<line number="140" hits="1"/>
						<line number="142" hits="1"/>
						<line number="143" hits="1" branch="true" condition-coverage="100% (2/2)"/>
						<line number="144" hits="1"/>
						<line number="146" hits="1"/>
						<line number="149" hits="1"/>
						<line number="150" hits="1"/>
						<line number="151" hits="0"/>
						<line number="152" hits="0"/>
						<line number="153" hits="1"/>
						<line number="154" hits="1"/>
						<line number="157" hits="1"/>
						<line number="158" hits="1"/>
						<line number="161" hits="1"/>
						<line number="170" hits="1"/>
						<line number="173" hits="1"/>
						<line number="174" hits="1"/>
						<line number="175" hits="1"/>
						<line number="176" hits="1"/>
						<line number="177" hits="1"/>
						<line number="180" hits="1"/>
						<line number="181" hits="1" branch="true" condition-coverage="100% (2/2)"/>
						<line number="182" hits="1" branch="true" condition-coverage="100% (2/2)"/>
						<line number="183" hits="1"/>
						<line number="184" hits="1"/>
						<line number="185" hits="0"/>
						<line number="186" hits="0"/>
						<line number="187" hits="1"/>
						<line number="189" hits="1"/>
						<line number="190" hits="1"/>
						<line number="193" hits="1"/>
						<line number="194" hits="1" branch="true" condition-coverage="100% (2/2)"/>
						<line number="195" hits="1"/>
						<line number="196" hits="1" branch="true" condition-coverage="50% (1/2)" missing-branches="199"/>
						<line number="197" hits="1"/>
						<line number="198" hits="1"/>
						<line number="199" hits="0"/>
						<line number="200" hits="0" branch="true" condition-coverage="0% (0/2)" missing-branches="exit,201"/>
						<line number="201" hits="0"/>
						<line number="202" hits="0"/>
						<line number="204" hits="1"/>
						<line number="205" hits="1"/>
						<line number="206" hits="1"/>
						<line number="207" hits="1"/>
						<line number="208" hits="1" branch="true" condition-coverage="100% (2/2)"/>
						<line number="209" hits="1"/>
						<line number="210" hits="1"/>
						<line number="212" hits="1"/>
						<line number="213" hits="1"/>
						<line number="222" hits="1"/>
						<line number="223" hits="1" branch="true" condition-coverage="100% (2/2)"/>
						<line number="224" hits="1"/>
						<line number="225" hits="1"/>
						<line number="226" hits="1"/>
						<line number="228" hits="1"/>
						<line number="229" hits="1"/>
						<line number="231" hits="1"/>
						<line number="238" hits="1"/>
						<line number="239" hits="1"/>
						<line number="240" hits="1"/>
						<line number="241" hits="1"/>
						<line number="242" hits="1" branch="true" condition-coverage="50% (1/2)" missing-branches="243"/>
						<line number="243" hits="0"/>
						<line number="244" hits="1"/>
						<line number="245" hits="1" branch="true" condition-coverage="100% (2/2)"/>
						<line number="246" hits="1" branch="true" condition-coverage="100% (2/2)"/>
						<line number="247" hits="1"/>
						<line number="248" hits="1"/>
						<line number="250" hits="1"/>
						<line number="252" hits="1"/>
						<line number="253" hits="1"/>
						<line number="254" hits="1"/>
						<line number="256" hits="1"/>
						<line number="257" hits="1"/>
						<line number="259" hits="0"/>
						<line number="261" hits="1"/>
						<line number="262" hits="1"/>
						<line number="264" hits="1"/>
						<line number="266" hits="1"/>
						<line number="267" hits="1"/>
						<line number="269" hits="1"/>
						<line number="270" hits="1" branch="true" condition-coverage="50% (1/2)" missing-branches="273"/>
						<line number="271" hits="1"/>
						<line number="272" hits="1"/>
						<line number="273" hits="0"/>
						<line number="274" hits="0"/>
						<line number="276" hits="1"/>
						<line number="277" hits="1"/>
						<line number="279" hits="1"/>
						<line number="280" hits="1"/>
						<line number="281" hits="1"/>
						<line number="283" hits="1"/>
						<line number="284" hits="1"/>
						<line number="295" hits="0" branch="true" condition-coverage="0% (0/2)" missing-branches="296,300"/>
						<line number="296" hits="0"/>
						<line number="298" hits="0"/>
						<line number="300" hits="0"/>
					</lines>
				</class>
				<class name="compat.py" filename="src/sqldataclass/compat.py" complexity="0" line-rate="1" branch-rate="0.8125">
					<methods/>
					<lines>
						<line number="14" hits="1"/>
						<line number="16" hits="1"/>
						<line number="18" hits="1"/>
						<line number="19" hits="1"/>
						<line number="20" hits="1"/>
						<line number="26" hits="1"/>
						<line number="27" hits="1"/>
						<line number="38" hits="1"/>
						<line number="65" hits="1"/>
						<line number="66" hits="1"/>
						<line number="68" hits="1"/>
						<line number="85" hits="1"/>
						<line number="86" hits="1"/>
						<line number="87" hits="1"/>
						<line number="88" hits="1"/>
						<line number="90" hits="1"/>
						<line number="91" hits="1"/>
						<line number="94" hits="1"/>
						<line number="103" hits="1"/>
						<line number="104" hits="1"/>
						<line number="106" hits="1" branch="true" condition-coverage="100% (2/2)"/>
						<line number="107" hits="1"/>
						<line number="112" hits="1"/>
						<line number="114" hits="1" branch="true" condition-coverage="50% (1/2)" missing-branches="120"/>
						<line number="115" hits="1" branch="true" condition-coverage="100% (2/2)"/>
						<line number="116" hits="1"/>
						<line number="117" hits="1" branch="true" condition-coverage="100% (2/2)"/>
						<line number="118" hits="1"/>
						<line number="120" hits="1" branch="true" condition-coverage="50% (1/2)" missing-branches="128"/>
						<line number="121" hits="1"/>
						<line number="122" hits="1" branch="true" condition-coverage="50% (1/2)" missing-branches="128"/>
						<line number="123" hits="1" branch="true" condition-coverage="100% (2/2)"/>
						<line number="124" hits="1"/>
						<line number="125" hits="1" branch="true" condition-coverage="100% (2/2)"/>
						<line number="126" hits="1"/>
						<line number="128" hits="1"/>
						<line number="129" hits="1"/>
						<line number="130" hits="1"/>
						<line number="134" hits="1"/>
						<line number="137" hits="1"/>
						<line number="139" hits="1"/>
						<line number="140" hits="1"/>
						<line number="142" hits="1"/>
						<line number="143" hits="1"/>
						<line number="144" hits="1"/>
						<line number="148" hits="1"/>
						<line number="153" hits="1"/>
						<line number="154" hits="1"/>
					</lines>
				</class>
				<class name="cy_function_helper.py" filename="src/sqldataclass/cy_function_helper.py" complexity="0" line-rate="1" branch-rate="1">
					<methods/>
					<lines>
						<line number="11" hits="1"/>
						<line number="14" hits="1"/>
						<line number="17" hits="1"/>
						<line number="18" hits="1"/>
						<line number="21" hits="1"/>
					</lines>
				</class>
				<class name="hydration.py" filename="src/sqldataclass/hydration.py" complexity="0" line-rate="1" branch-rate="1">
					<methods/>
					<lines>
						<line number="8" hits="1"/>
						<line number="10" hits="1"/>
						<line number="13" hits="1"/>
						<line number="19" hits="1"/>
						<line number="20" hits="1" branch="true" condition-coverage="100% (2/2)"/>
						<line number="21" hits="1" branch="true" condition-coverage="100% (2/2)"/>
						<line number="22" hits="1"/>
						<line number="23" hits="1"/>
						<line number="24" hits="1"/>
						<line number="27" hits="1"/>
						<line number="37" hits="1"/>
						<line number="38" hits="1"/>
						<line number="39" hits="1"/>
						<line number="40" hits="1" branch="true" condition-coverage="100% (2/2)"/>
						<line number="41" hits="1"/>
						<line number="42" hits="1" branch="true" condition-coverage="100% (2/2)"/>
						<line number="43" hits="1"/>
						<line number="44" hits="1" branch="true" condition-coverage="100% (2/2)"/>
						<line number="45" hits="1"/>
						<line number="46" hits="1"/>
						<line number="49" hits="1"/>
						<line number="51" hits="1" branch="true" condition-coverage="100% (2/2)"/>
						<line number="52" hits="1"/>
						<line number="53" hits="1" branch="true" condition-coverage="100% (2/2)"/>
						<line number="54" hits="1"/>
						<line number="55" hits="1"/>
						<line number="58" hits="1"/>
						<line number="72" hits="1"/>
						<line number="73" hits="1"/>
						<line number="74" hits="1"/>
						<line number="76" hits="1"/>
						<line number="77" hits="1" branch="true" condition-coverage="100% (2/2)"/>
						<line number="78" hits="1" branch="true" condition-coverage="100% (2/2)"/>
						<line number="79" hits="1"/>
						<line number="81" hits="1" branch="true" condition-coverage="100% (2/2)"/>
						<line number="82" hits="1" branch="true" condition-coverage="100% (2/2)"/>
						<line number="83" hits="1"/>
						<line number="85" hits="1"/>
						<line number="86" hits="1"/>
					</lines>
				</class>
				<class name="model.py" filename="src/sqldataclass/model.py" complexity="0" line-rate="0.8498" branch-rate="0.7274">
					<methods/>
					<lines>
						<line number="34" hits="1"/>
						<line number="36" hits="1"/>
						<line number="37" hits="1"/>
						<line number="38" hits="1"/>
						<line number="39" hits="1"/>
						<line number="40" hits="1"/>
						<line number="41" hits="1"/>
						<line number="42" hits="1"/>
						<line number="43" hits="1"/>
						<line number="44" hits="1"/>
						<line number="45" hits="1"/>
						<line number="59" hits="1"/>
						<line number="61" hits="1"/>
						<line number="62" hits="1"/>
						<line number="63" hits="1"/>
						<line number="64" hits="1"/>
						<line number="65" hits="1"/>
						<line number="66" hits="1"/>
						<line number="83" hits="1"/>
						<line number="84" hits="1"/>
						<line number="87" hits="1"/>
						<line number="88" hits="1"/>
						<line number="91" hits="1"/>
						<line number="92" hits="1"/>
						<line number="97" hits="1"/>
						<line number="98" hits="1"/>
						<line number="99" hits="1"/>
						<line number="100" hits="1"/>
						<line number="101" hits="1"/>
						<line number="106" hits="1"/>
						<line number="107" hits="1"/>
						<line number="108" hits="1"/>
						<line number="110" hits="1"/>
						<line number="112" hits="1"/>
						<line number="119" hits="1"/>
						<line number="126" hits="1"/>
						<line number="132" hits="1"/>
						<line number="147" hits="1"/>
						<line number="149" hits="1"/>
						<line number="150" hits="1" branch="true" condition-coverage="100% (2/2)"/>
						<line number="151" hits="1"/>
						<line number="152" hits="1"/>
						<line number="153" hits="1" branch="true" condition-coverage="100% (2/2)"/>
						<line number="154" hits="1"/>
						<line number="155" hits="1"/>
						<line number="158" hits="1"/>
						<line number="160" hits="1"/>
						<line number="161" hits="1" branch="true" condition-coverage="50% (1/2)" missing-branches="163"/>
						<line number="162" hits="1"/>
						<line number="163" hits="0"/>
						<line number="166" hits="1"/>
						<line number="172" hits="1"/>
						<line number="175" hits="1" branch="true" condition-coverage="100% (2/2)"/>
						<line number="176" hits="1"/>
						<line number="179" hits="1" branch="true" condition-coverage="50% (1/2)" missing-branches="180"/>
						<line number="180" hits="0"/>
						<line number="183" hits="1" branch="true" condition-coverage="50% (1/2)" missing-branches="184"/>
						<line number="184" hits="0"/>
						<line number="187" hits="1" branch="true" condition-coverage="100% (2/2)"/>
						<line number="188" hits="1"/>
						<line number="189" hits="1" branch="true" condition-coverage="50% (1/2)" missing-branches="193"/>
						<line number="190" hits="1"/>
						<line number="191" hits="1" branch="true" condition-coverage="100% (2/2)"/>
						<line number="192" hits="1"/>
						<line number="193" hits="1"/>
						<line number="199" hits="1" branch="true" condition-coverage="100% (2/2)"/>
						<line number="200" hits="1"/>
						<line number="202" hits="1"/>
						<line number="203" hits="1" branch="true" condition-coverage="100% (2/2)"/>
						<line number="204" hits="1"/>
						<line number="207" hits="1"/>
						<line number="210" hits="1"/>
						<line number="212" hits="0"/>
						<line number="220" hits="1"/>
						<line number="221" hits="1"/>
						<line number="224" hits="1"/>
						<line number="225" hits="1"/>
						<line number="226" hits="1"/>
						<line number="227" hits="1"/>
						<line number="228" hits="1"/>
						<line number="229" hits="1"/>
						<line number="230" hits="1"/>
						<line number="231" hits="1"/>
						<line number="232" hits="1"/>
						<line number="233" hits="1"/>
						<line number="236" hits="1"/>
						<line number="238" hits="1" branch="true" condition-coverage="100% (2/2)"/>
						<line number="239" hits="1" branch="true" condition-coverage="100% (2/2)"/>
						<line number="240" hits="1"/>
						<line number="241" hits="1"/>
						<line number="249" hits="1"/>
						<line number="250" hits="1"/>
						<line number="273" hits="1"/>
						<line number="274" hits="1"/>
						<line number="275" hits="1"/>
						<line number="276" hits="1"/>
						<line number="277" hits="1"/>
						<line number="278" hits="1"/>
						<line number="281" hits="1"/>
						<line number="283" hits="1" branch="true" condition-coverage="100% (2/2)"/>
						<line number="284" hits="1" branch="true" condition-coverage="100% (2/2)"/>
						<line number="285" hits="1"/>
						<line number="286" hits="1"/>
						<line number="289" hits="1"/>
						<line number="291" hits="1" branch="true" condition-coverage="100% (2/2)"/>
						<line number="292" hits="1"/>
						<line number="293" hits="1"/>
						<line number="300" hits="1"/>
						<line number="303" hits="1"/>
						<line number="336" hits="1"/>
						<line number="349" hits="1"/>
						<line number="352" hits="1" branch="true" condition-coverage="100% (2/2)"/>
						<line number="353" hits="1"/>
						<line number="354" hits="1" branch="true" condition-coverage="100% (2/2)"/>
						<line number="355" hits="1"/>
						<line number="356" hits="1" branch="true" condition-coverage="100% (2/2)"/>
						<line number="357" hits="1"/>
						<line number="358" hits="1" branch="true" condition-coverage="100% (2/2)"/>
						<line number="359" hits="1"/>
						<line number="360" hits="1" branch="true" condition-coverage="100% (2/2)"/>
						<line number="361" hits="1"/>
						<line number="362" hits="1" branch="true" condition-coverage="50% (1/2)" missing-branches="363"/>
						<line number="363" hits="0"/>
						<line number="364" hits="1" branch="true" condition-coverage="100% (2/2)"/>
						<line number="365" hits="1"/>
						<line number="366" hits="1" branch="true" condition-coverage="50% (1/2)" missing-branches="367"/>
						<line number="367" hits="0"/>
						<line number="368" hits="1" branch="true" condition-coverage="100% (2/2)"/>
						<line number="369" hits="1"/>
						<line number="370" hits="1" branch="true" condition-coverage="100% (2/2)"/>
						<line number="371" hits="1"/>
						<line number="372" hits="1" branch="true" condition-coverage="100% (2/2)"/>
						<line number="373" hits="1"/>
						<line number="374" hits="1" branch="true" condition-coverage="100% (2/2)"/>
						<line number="375" hits="1"/>
						<line number="377" hits="1"/>
						<line number="378" hits="1"/>
						<line number="379" hits="1"/>
						<line number="382" hits="1"/>
						<line number="445" hits="1"/>
						<line number="454" hits="1"/>
						<line number="455" hits="1" branch="true" condition-coverage="100% (2/2)"/>
						<line number="456" hits="1"/>
						<line number="457" hits="1" branch="true" condition-coverage="100% (2/2)"/>
						<line number="458" hits="1"/>
						<line number="466" hits="1"/>
						<line number="468" hits="1"/>
						<line number="469" hits="1"/>
						<line number="470" hits="1"/>
						<line number="478" hits="1"/>
						<line number="480" hits="1"/>
						<line number="481" hits="1"/>
						<line number="484" hits="1"/>
						<line number="490" hits="1"/>
						<line number="492" hits="1" branch="true" condition-coverage="100% (2/2)"/>
						<line number="493" hits="1"/>
						<line number="496" hits="1"/>
						<line number="499" hits="1" branch="true" condition-coverage="100% (2/2)"/>
						<line number="500" hits="1"/>
						<line number="501" hits="1" branch="true" condition-coverage="100% (2/2)"/>
						<line number="502" hits="1"/>
						<line number="504" hits="1"/>
						<line number="507" hits="1"/>
						<line number="508" hits="1" branch="true" condition-coverage="100% (2/2)"/>
						<line number="509" hits="1"/>
						<line number="512" hits="1"/>
						<line number="518" hits="1" branch="true" condition-coverage="100% (2/2)"/>
						<line number="519" hits="1"/>
						<line number="520" hits="1" branch="true" condition-coverage="100% (2/2)"/>
						<line number="521" hits="1"/>
						<line number="523" hits="1"/>
						<line number="526" hits="1"/>
						<line number="542" hits="1" branch="true" condition-coverage="100% (2/2)"/>
						<line number="545" hits="1"/>
						<line number="546" hits="1"/>
						<line number="547" hits="1" branch="true" condition-coverage="100% (2/2)"/>
						<line number="548" hits="1"/>
						<line number="549" hits="1" branch="true" condition-coverage="100% (2/2)"/>
						<line number="550" hits="1"/>
						<line number="556" hits="1"/>
						<line number="557" hits="1"/>
						<line number="561" hits="1" branch="true" condition-coverage="100% (2/2)"/>
						<line number="562" hits="1" branch="true" condition-coverage="100% (2/2)"/>
						<line number="563" hits="1" branch="true" condition-coverage="100% (2/2)"/>
						<line number="567" hits="1"/>
						<line number="572" hits="1"/>
						<line number="573" hits="1"/>
						<line number="575" hits="1"/>
						<line number="576" hits="1" branch="true" condition-coverage="100% (2/2)"/>
						<line number="577" hits="1"/>
						<line number="579" hits="1"/>
						<line number="580" hits="1" branch="true" condition-coverage="50% (1/2)" missing-branches="581"/>
						<line number="581" hits="0"/>
						<line number="583" hits="1"/>
						<line number="586" hits="1" branch="true" condition-coverage="100% (2/2)"/>
						<line number="587" hits="1"/>
						<line number="588" hits="1" branch="true" condition-coverage="100% (2/2)"/>
						<line number="589" hits="1"/>
						<line number="592" hits="1"/>
						<line number="593" hits="1" branch="true" condition-coverage="50% (1/2)" missing-branches="594"/>
						<line number="594" hits="0"/>
						<line number="597" hits="1"/>
						<line number="598" hits="1" branch="true" condition-coverage="50% (1/2)" missing-branches="599"/>
						<line number="599" hits="0"/>
						<line number="600" hits="1"/>
						<line number="601" hits="1" branch="true" condition-coverage="50% (1/2)" missing-branches="602"/>
						<line number="602" hits="0"/>
						<line number="603" hits="1"/>
						<line number="606" hits="1"/>
						<line number="607" hits="1"/>
						<line number="608" hits="1"/>
						<line number="609" hits="1"/>
						<line number="610" hits="1"/>
						<line number="613" hits="1"/>
						<line number="630" hits="1"/>
						<line number="631" hits="1" branch="true" condition-coverage="100% (2/2)"/>
						<line number="632" hits="1" branch="true" condition-coverage="100% (2/2)"/>
						<line number="633" hits="1"/>
						<line number="636" hits="1" branch="true" condition-coverage="100% (2/2)"/>
						<line number="637" hits="1"/>
						<line number="638" hits="1"/>
						<line number="639" hits="1"/>
						<line number="640" hits="1" branch="true" condition-coverage="100% (2/2)"/>
						<line number="641" hits="1"/>
						<line number="642" hits="1" branch="true" condition-coverage="100% (2/2)"/>
						<line number="643" hits="1"/>
						<line number="644" hits="1"/>
						<line number="646" hits="1"/>
						<line number="647" hits="1"/>
						<line number="648" hits="1" branch="true" condition-coverage="100% (2/2)"/>
						<line number="649" hits="1" branch="true" condition-coverage="100% (2/2)"/>
						<line number="650" hits="1"/>
						<line number="651" hits="1" branch="true" condition-coverage="50% (1/2)" missing-branches="658"/>
						<line number="652" hits="1" branch="true" condition-coverage="100% (2/2)"/>
						<line number="653" hits="1"/>
						<line number="654" hits="1"/>
						<line number="656" hits="1"/>
						<line number="658" hits="1"/>
						<line number="666" hits="1"/>
						<line number="667" hits="1"/>
						<line number="670" hits="1"/>
						<line number="671" hits="1"/>
						<line number="672" hits="1"/>
						<line number="673" hits="1"/>
						<line number="674" hits="1"/>
						<line number="675" hits="1"/>
						<line number="676" hits="1"/>
						<line number="677" hits="1"/>
						<line number="679" hits="1"/>
						<line number="682" hits="1"/>
						<line number="688" hits="1"/>
						<line number="689" hits="1" branch="true" condition-coverage="100% (2/2)"/>
						<line number="690" hits="1"/>
						<line number="691" hits="1" branch="true" condition-coverage="100% (2/2)"/>
						<line number="692" hits="1"/>
						<line number="694" hits="1"/>
						<line number="695" hits="1" branch="true" condition-coverage="50% (1/2)" missing-branches="696"/>
						<line number="696" hits="0"/>
						<line number="697" hits="0"/>
						<line number="699" hits="1"/>
						<line number="702" hits="1" branch="true" condition-coverage="100% (2/2)"/>
						<line number="705" hits="1" branch="true" condition-coverage="100% (2/2)"/>
						<line number="706" hits="1"/>
						<line number="711" hits="1"/>
						<line number="712" hits="1"/>
						<line number="713" hits="1"/>
						<line number="714" hits="1" branch="true" condition-coverage="100% (2/2)"/>
						<line number="715" hits="1"/>
						<line number="716" hits="1"/>
						<line number="717" hits="1"/>
						<line number="718" hits="1" branch="true" condition-coverage="100% (2/2)"/>
						<line number="720" hits="1"/>
						<line number="721" hits="1"/>
						<line number="722" hits="1"/>
						<line number="723" hits="1"/>
						<line number="725" hits="1"/>
						<line number="726" hits="1"/>
						<line number="728" hits="1"/>
						<line number="739" hits="1"/>
						<line number="742" hits="1"/>
						<line number="744" hits="0" branch="true" condition-coverage="0% (0/2)" missing-branches="745,749"/>
						<line number="745" hits="0" branch="true" condition-coverage="0% (0/2)" missing-branches="744,746"/>
						<line number="746" hits="0" branch="true" condition-coverage="0% (0/2)" missing-branches="745,747"/>
						<line number="747" hits="0"/>
						<line number="749" hits="0" branch="true" condition-coverage="0% (0/2)" missing-branches="750,753"/>
						<line number="750" hits="0" branch="true" condition-coverage="0% (0/2)" missing-branches="749,751"/>
						<line number="751" hits="0" branch="true" condition-coverage="0% (0/2)" missing-branches="750,752"/>
						<line number="752" hits="0"/>
						<line number="753" hits="0"/>
						<line number="756" hits="1"/>
						<line number="758" hits="1"/>
						<line number="764" hits="1"/>
						<line number="770" hits="1"/>
						<line number="771" hits="1"/>
						<line number="774" hits="1"/>
						<line number="775" hits="1"/>
						<line number="776" hits="1" branch="true" condition-coverage="100% (2/2)"/>
						<line number="777" hits="1"/>
						<line number="778" hits="1"/>
						<line number="781" hits="1"/>
						<line number="782" hits="1"/>
						<line number="783" hits="1" branch="true" condition-coverage="100% (2/2)"/>
						<line number="784" hits="1"/>
						<line number="785" hits="1"/>
						<line number="786" hits="1"/>
						<line number="788" hits="1"/>
						<line number="789" hits="1" branch="true" condition-coverage="100% (2/2)"/>
						<line number="790" hits="1"/>
						<line number="791" hits="1" branch="true" condition-coverage="100% (2/2)"/>
						<line number="792" hits="1"/>
						<line number="793" hits="1"/>
						<line number="796" hits="1"/>
						<line number="802" hits="1"/>
						<line number="803" hits="1"/>
						<line number="806" hits="1"/>
						<line number="810" hits="1"/>
						<line number="811" hits="1" branch="true" condition-coverage="100% (2/2)"/>
						<line number="812" hits="1" branch="true" condition-coverage="50% (1/2)" missing-branches="813"/>
						<line number="813" hits="0"/>
						<line number="814" hits="1" branch="true" condition-coverage="50% (1/2)" missing-branches="829"/>
						<line number="816" hits="1"/>
						<line number="817" hits="1" branch="true" condition-coverage="100% (2/2)"/>
						<line number="818" hits="1" branch="true" condition-coverage="50% (1/2)" missing-branches="819"/>
						<line number="819" hits="0"/>
						<line number="820" hits="1"/>
						<line number="821" hits="1"/>
						<line number="822" hits="1"/>
						<line number="823" hits="1"/>
						<line number="824" hits="1"/>
						<line number="825" hits="1" branch="true" condition-coverage="50% (1/2)" missing-branches="826"/>
						<line number="826" hits="0"/>
						<line number="827" hits="1"/>
						<line number="828" hits="1"/>
						<line number="829" hits="0" branch="true" condition-coverage="0% (0/2)" missing-branches="811,830"/>
						<line number="830" hits="0" branch="true" condition-coverage="0% (0/2)" missing-branches="831,832"/>
						<line number="831" hits="0"/>
						<line number="832" hits="0"/>
						<line number="833" hits="0"/>
						<line number="834" hits="0"/>
						<line number="836" hits="0"/>
						<line number="837" hits="0" branch="true" condition-coverage="0% (0/2)" missing-branches="829,838"/>
						<line number="838" hits="0"/>
						<line number="840" hits="1"/>
						<line number="842" hits="1" branch="true" condition-coverage="100% (2/2)"/>
						<line number="843" hits="1"/>
						<line number="844" hits="1" branch="true" condition-coverage="100% (2/2)"/>
						<line number="845" hits="1" branch="true" condition-coverage="50% (1/2)" missing-branches="846"/>
						<line number="846" hits="0"/>
						<line number="848" hits="1"/>
						<line number="849" hits="1"/>
						<line number="852" hits="1"/>
						<line number="854" hits="1"/>
						<line number="857" hits="1"/>
						<line number="863" hits="0"/>
						<line number="864" hits="0"/>
						<line number="865" hits="0" branch="true" condition-coverage="0% (0/2)" missing-branches="866,867"/>
						<line number="866" hits="0"/>
						<line number="867" hits="0"/>
						<line number="868" hits="0"/>
						<line number="869" hits="0"/>
						<line number="870" hits="0"/>
						<line number="871" hits="0" branch="true" condition-coverage="0% (0/2)" missing-branches="872,873"/>
						<line number="872" hits="0"/>
						<line number="873" hits="0"/>
						<line number="876" hits="1"/>
						<line number="883" hits="1"/>
						<line number="884" hits="1"/>
						<line number="885" hits="1"/>
						<line number="886" hits="1"/>
						<line number="887" hits="1" branch="true" condition-coverage="100% (2/2)"/>
						<line number="888" hits="1"/>
						<line number="889" hits="1"/>
						<line number="890" hits="1" branch="true" condition-coverage="50% (1/2)" missing-branches="891"/>
						<line number="891" hits="0"/>
						<line number="892" hits="1"/>
						<line number="893" hits="1"/>
						<line number="894" hits="1"/>
						<line number="897" hits="1"/>
						<line number="898" hits="1" branch="true" condition-coverage="100% (2/2)"/>
						<line number="899" hits="1"/>
						<line number="900" hits="1"/>
						<line number="903" hits="1"/>
						<line number="905" hits="0" branch="true" condition-coverage="0% (0/2)" missing-branches="906,911"/>
						<line number="906" hits="0"/>
						<line number="907" hits="0" branch="true" condition-coverage="0% (0/2)" missing-branches="905,908"/>
						<line number="908" hits="0" branch="true" condition-coverage="0% (0/2)" missing-branches="905,909"/>
						<line number="909" hits="0" branch="true" condition-coverage="0% (0/2)" missing-branches="908,910"/>
						<line number="910" hits="0"/>
						<line number="911" hits="0"/>
						<line number="914" hits="1"/>
						<line number="916" hits="0"/>
						<line number="917" hits="0" branch="true" condition-coverage="0% (0/2)" missing-branches="918,919"/>
						<line number="918" hits="0"/>
						<line number="919" hits="0"/>
						<line number="920" hits="0"/>
						<line number="921" hits="0"/>
						<line number="922" hits="0" branch="true" condition-coverage="0% (0/2)" missing-branches="923,924"/>
						<line number="923" hits="0"/>
						<line number="924" hits="0"/>
						<line number="927" hits="1"/>
						<line number="929" hits="1"/>
						<line number="930" hits="1"/>
						<line number="932" hits="1"/>
						<line number="934" hits="1" branch="true" condition-coverage="100% (2/2)"/>
						<line number="935" hits="1" branch="true" condition-coverage="50% (1/2)" missing-branches="936"/>
						<line number="936" hits="0"/>
						<line number="937" hits="1" branch="true" condition-coverage="50% (1/2)" missing-branches="938"/>
						<line number="938" hits="0"/>
						<line number="939" hits="1" branch="true" condition-coverage="50% (1/2)" missing-branches="942"/>
						<line number="940" hits="1"/>
						<line number="942" hits="0"/>
						<line number="944" hits="1"/>
						<line number="951" hits="1"/>
						<line number="954" hits="1"/>
						<line number="956" hits="1"/>
						<line number="959" hits="1"/>
						<line number="961" hits="1" branch="true" condition-coverage="50% (1/2)" missing-branches="963"/>
						<line number="962" hits="1"/>
						<line number="963" hits="0"/>
						<line number="966" hits="1"/>
						<line number="969" hits="1"/>
						<line number="970" hits="1" branch="true" condition-coverage="50% (1/2)" missing-branches="976"/>
						<line number="971" hits="1"/>
						<line number="972" hits="1"/>
						<line number="973" hits="1" branch="true" condition-coverage="50% (1/2)" missing-branches="974"/>
						<line number="974" hits="0"/>
						<line number="976" hits="1" branch="true" condition-coverage="50% (1/2)" missing-branches="980"/>
						<line number="977" hits="1" branch="true" condition-coverage="100% (2/2)"/>
						<line number="978" hits="1" branch="true" condition-coverage="50% (1/2)" missing-branches="977"/>
						<line number="979" hits="1"/>
						<line number="980" hits="0"/>
						<line number="983" hits="1"/>
						<line number="985" hits="0" branch="true" condition-coverage="0% (0/2)" missing-branches="987,999"/>
						<line number="987" hits="0"/>
						<line number="988" hits="0" branch="true" condition-coverage="0% (0/2)" missing-branches="989,991"/>
						<line number="989" hits="0"/>
						<line number="991" hits="0"/>
						<line number="992" hits="0"/>
						<line number="993" hits="0" branch="true" condition-coverage="0% (0/2)" missing-branches="994,996"/>
						<line number="994" hits="0"/>
						<line number="996" hits="0" branch="true" condition-coverage="0% (0/2)" missing-branches="997,999"/>
						<line number="997" hits="0" branch="true" condition-coverage="0% (0/2)" missing-branches="996,998"/>
						<line number="998" hits="0"/>
						<line number="999" hits="0"/>
						<line number="1002" hits="1"/>
						<line number="1004" hits="1" branch="true" condition-coverage="50% (1/2)" missing-branches="1006"/>
						<line number="1005" hits="1"/>
						<line number="1006" hits="0"/>
						<line number="1009" hits="1"/>
						<line number="1024" hits="1" branch="true" condition-coverage="50% (1/2)" missing-branches="1025"/>
						<line number="1025" hits="0"/>
						<line number="1027" hits="1"/>
						<line number="1028" hits="1"/>
						<line number="1029" hits="1" branch="true" condition-coverage="100% (2/2)"/>
						<line number="1030" hits="1"/>
						<line number="1032" hits="1"/>
						<line number="1033" hits="1"/>
						<line number="1034" hits="1"/>
						<line number="1035" hits="1"/>
						<line number="1036" hits="1"/>
						<line number="1037" hits="1" branch="true" condition-coverage="100% (2/2)"/>
						<line number="1038" hits="1"/>
						<line number="1039" hits="1"/>
						<line number="1040" hits="1"/>
						<line number="1042" hits="1"/>
						<line number="1044" hits="1" branch="true" condition-coverage="100% (2/2)"/>
						<line number="1045" hits="1"/>
						<line number="1046" hits="1"/>
						<line number="1047" hits="1" branch="true" condition-coverage="50% (1/2)" missing-branches="1048"/>
						<line number="1048" hits="0"/>
						<line number="1050" hits="1" branch="true" condition-coverage="50% (1/2)" missing-branches="1061"/>
						<line number="1051" hits="1"/>
						<line number="1061" hits="0" branch="true" condition-coverage="0% (0/2)" missing-branches="1062,1074"/>
						<line number="1062" hits="0"/>
						<line number="1074" hits="1" branch="true" condition-coverage="100% (2/2)"/>
						<line number="1075" hits="1"/>
						<line number="1076" hits="1" branch="true" condition-coverage="50% (1/2)" missing-branches="1074"/>
						<line number="1077" hits="1"/>
						<line number="1082" hits="1" branch="true" condition-coverage="50% (1/2)" missing-branches="exit"/>
						<line number="1083" hits="1"/>
						<line number="1084" hits="1" branch="true" condition-coverage="100% (2/2)"/>
						<line number="1085" hits="1"/>
						<line number="1086" hits="1" branch="true" condition-coverage="100% (2/2)"/>
						<line number="1087" hits="1"/>
						<line number="1088" hits="1"/>
						<line number="1089" hits="1" branch="true" condition-coverage="50% (1/2)" missing-branches="1090"/>
						<line number="1090" hits="0"/>
						<line number="1093" hits="1"/>
						<line number="1095" hits="1"/>
						<line number="1096" hits="1" branch="true" condition-coverage="50% (1/2)" missing-branches="1097"/>
						<line number="1097" hits="0"/>
						<line number="1099" hits="1" branch="true" condition-coverage="100% (2/2)"/>
						<line number="1100" hits="1" branch="true" condition-coverage="50% (1/2)" missing-branches="1101"/>
						<line number="1101" hits="0"/>
						<line number="1102" hits="1"/>
						<line number="1103" hits="1"/>
						<line number="1104" hits="1" branch="true" condition-coverage="50% (1/2)" missing-branches="1105"/>
						<line number="1105" hits="0"/>
						<line number="1108" hits="1"/>
						<line number="1109" hits="1" branch="true" condition-coverage="50% (1/2)" missing-branches="1116"/>
						<line number="1110" hits="1" branch="true" condition-coverage="100% (2/2)"/>
						<line number="1111" hits="1" branch="true" condition-coverage="100% (2/2)"/>
						<line number="1112" hits="1"/>
						<line number="1113" hits="1"/>
						<line number="1114" hits="1" branch="true" condition-coverage="100% (2/2)"/>
						<line number="1115" hits="1"/>
						<line number="1116" hits="1" branch="true" condition-coverage="50% (1/2)" missing-branches="1117"/>
						<line number="1117" hits="0"/>
						<line number="1120" hits="1"/>
						<line number="1121" hits="1" branch="true" condition-coverage="100% (2/2)"/>
						<line number="1122" hits="1" branch="true" condition-coverage="50% (1/2)" missing-branches="1121"/>
						<line number="1123" hits="1"/>
						<line number="1124" hits="1" branch="true" condition-coverage="50% (1/2)" missing-branches="1121"/>
						<line number="1125" hits="1"/>
						<line number="1127" hits="1" branch="true" condition-coverage="50% (1/2)" missing-branches="1128"/>
						<line number="1128" hits="0"/>
						<line number="1131" hits="1"/>
						<line number="1132" hits="1"/>
						<line number="1133" hits="1"/>
						<line number="1134" hits="1"/>
						<line number="1135" hits="1" branch="true" condition-coverage="100% (2/2)"/>
						<line number="1136" hits="1"/>
						<line number="1137" hits="1"/>
						<line number="1140" hits="1" branch="true" condition-coverage="100% (2/2)"/>
						<line number="1141" hits="1" branch="true" condition-coverage="50% (1/2)" missing-branches="1140"/>
						<line number="1142" hits="1"/>
						<line number="1143" hits="1" branch="true" condition-coverage="50% (1/2)" missing-branches="1140"/>
						<line number="1144" hits="1"/>
						<line number="1147" hits="1"/>
						<line number="1154" hits="1" branch="true" condition-coverage="50% (1/2)" missing-branches="1155"/>
						<line number="1155" hits="0"/>
						<line number="1157" hits="1"/>
						<line number="1158" hits="1" branch="true" condition-coverage="100% (2/2)"/>
						<line number="1159" hits="1"/>
						<line number="1161" hits="1" branch="true" condition-coverage="100% (2/2)"/>
						<line number="1162" hits="1"/>
						<line number="1163" hits="1" branch="true" condition-coverage="100% (2/2)"/>
						<line number="1164" hits="1" branch="true" condition-coverage="100% (2/2)"/>
						<line number="1165" hits="1"/>
						<line number="1166" hits="1"/>
						<line number="1167" hits="1"/>
						<line number="1168" hits="1" branch="true" condition-coverage="50% (1/2)" missing-branches="1169"/>
						<line number="1169" hits="0"/>
						<line number="1171" hits="1"/>
						<line number="1172" hits="1"/>
						<line number="1173" hits="1"/>
						<line number="1175" hits="1" branch="true" condition-coverage="50% (1/2)" missing-branches="1179"/>
						<line number="1176" hits="1"/>
						<line number="1177" hits="1"/>
						<line number="1179" hits="1"/>
						<line number="1180" hits="1" branch="true" condition-coverage="50% (1/2)" missing-branches="1163"/>
						<line number="1181" hits="1"/>
						<line number="1184" hits="1"/>
						<line number="1195" hits="1"/>
						<line number="1196" hits="1"/>
						<line number="1197" hits="1" branch="true" condition-coverage="50% (1/2)" missing-branches="1198"/>
						<line number="1198" hits="0"/>
						<line number="1200" hits="1"/>
						<line number="1201" hits="1" branch="true" condition-coverage="50% (1/2)" missing-branches="1202"/>
						<line number="1202" hits="0"/>
						<line number="1203" hits="1"/>
						<line number="1204" hits="1" branch="true" condition-coverage="100% (2/2)"/>
						<line number="1205" hits="1"/>
						<line number="1206" hits="1"/>
						<line number="1207" hits="1"/>
						<line number="1209" hits="1" branch="true" condition-coverage="100% (2/2)"/>
						<line number="1210" hits="1"/>
						<line number="1211" hits="1" branch="true" condition-coverage="100% (2/2)"/>
						<line number="1212" hits="1"/>
						<line number="1214" hits="1" branch="true" condition-coverage="50% (1/2)" missing-branches="1215"/>
						<line number="1215" hits="0" branch="true" condition-coverage="0% (0/2)" missing-branches="1211,1216"/>
						<line number="1216" hits="0"/>
						<line number="1219" hits="1"/>
						<line number="1230" hits="0" branch="true" condition-coverage="0% (0/2)" missing-branches="1231,1233"/>
						<line number="1231" hits="0"/>
						<line number="1233" hits="0"/>
						<line number="1234" hits="0"/>
						<line number="1237" hits="0"/>
						<line number="1238" hits="0"/>
						<line number="1239" hits="0" branch="true" condition-coverage="0% (0/2)" missing-branches="1240,1243"/>
						<line number="1240" hits="0"/>
						<line number="1243" hits="0"/>
						<line number="1244" hits="0" branch="true" condition-coverage="0% (0/2)" missing-branches="1245,1246"/>
						<line number="1245" hits="0"/>
						<line number="1246" hits="0"/>
						<line number="1250" hits="0"/>
						<line number="1251" hits="0"/>
						<line number="1253" hits="0"/>
						<line number="1258" hits="0" branch="true" condition-coverage="0% (0/2)" missing-branches="1259,1262"/>
						<line number="1259" hits="0"/>
						<line number="1262" hits="0"/>
						<line number="1263" hits="0"/>
						<line number="1264" hits="0"/>
						<line number="1265" hits="0" branch="true" condition-coverage="0% (0/2)" missing-branches="1266,1273"/>
						<line number="1266" hits="0"/>
						<line number="1267" hits="0"/>
						<line number="1268" hits="0"/>
						<line number="1269" hits="0" branch="true" condition-coverage="0% (0/2)" missing-branches="1270,1271"/>
						<line number="1270" hits="0"/>
						<line number="1271" hits="0"/>
						<line number="1273" hits="0" branch="true" condition-coverage="0% (0/2)" missing-branches="exit,1274"/>
						<line number="1274" hits="0"/>
						<line number="1275" hits="0" branch="true" condition-coverage="0% (0/2)" missing-branches="1273,1276"/>
						<line number="1276" hits="0"/>
						<line number="1283" hits="1"/>
						<line number="1286" hits="1"/>
						<line number="1287" hits="1"/>
						<line number="1290" hits="1"/>
						<line number="1300" hits="1" branch="true" condition-coverage="100% (2/2)"/>
						<line number="1301" hits="1"/>
						<line number="1302" hits="1"/>
						<line number="1303" hits="1"/>
						<line number="1306" hits="1" branch="true" condition-coverage="100% (2/2)"/>
						<line number="1307" hits="1" branch="true" condition-coverage="50% (1/2)" missing-branches="1308"/>
						<line number="1308" hits="0"/>
						<line number="1309" hits="0"/>
						<line number="1312" hits="1"/>
						<line number="1313" hits="1" branch="true" condition-coverage="100% (2/2)"/>
						<line number="1314" hits="1"/>
						<line number="1315" hits="1"/>
						<line number="1318" hits="1" branch="true" condition-coverage="100% (2/2)"/>
						<line number="1319" hits="1"/>
						<line number="1320" hits="1" branch="true" condition-coverage="100% (2/2)"/>
						<line number="1321" hits="1"/>
						<line number="1322" hits="1"/>
						<line number="1323" hits="1"/>
						<line number="1324" hits="1"/>
						<line number="1325" hits="1"/>
						<line number="1327" hits="1"/>
						<line number="1330" hits="1"/>
						<line number="1331" hits="1" branch="true" condition-coverage="100% (2/2)"/>
						<line number="1332" hits="1"/>
						<line number="1333" hits="1"/>
						<line number="1334" hits="1"/>
						<line number="1343" hits="1"/>
						<line number="1347" hits="1"/>
						<line number="1348" hits="1" branch="true" condition-coverage="100% (2/2)"/>
						<line number="1349" hits="1"/>
						<line number="1351" hits="1"/>
						<line number="1352" hits="1"/>
						<line number="1353" hits="1"/>
						<line number="1362" hits="1"/>
						<line number="1364" hits="1"/>
						<line number="1367" hits="1"/>
						<line number="1377" hits="1"/>
						<line number="1379" hits="1"/>
						<line number="1380" hits="1"/>
						<line number="1381" hits="1" branch="true" condition-coverage="100% (2/2)"/>
						<line number="1382" hits="1"/>
						<line number="1383" hits="1"/>
						<line number="1385" hits="1"/>
						<line number="1388" hits="1"/>
						<line number="1389" hits="1"/>
						<line number="1392" hits="1"/>
						<line number="1394" hits="1" branch="true" condition-coverage="100% (2/2)"/>
						<line number="1395" hits="1" branch="true" condition-coverage="100% (2/2)"/>
						<line number="1396" hits="1"/>
						<line number="1397" hits="1"/>
						<line number="1400" hits="1"/>
						<line number="1402" hits="1" branch="true" condition-coverage="100% (2/2)"/>
						<line number="1403" hits="1" branch="true" condition-coverage="100% (2/2)"/>
						<line number="1404" hits="1"/>
						<line number="1405" hits="1"/>
						<line number="1408" hits="1"/>
						<line number="1423" hits="1"/>
						<line number="1424" hits="1"/>
						<line number="1430" hits="1"/>
						<line number="1431" hits="1"/>
						<line number="1432" hits="1"/>
						<line number="1434" hits="1" branch="true" condition-coverage="100% (2/2)"/>
						<line number="1435" hits="1" branch="true" condition-coverage="50% (1/2)" missing-branches="1436"/>
						<line number="1436" hits="0"/>
						<line number="1437" hits="1" branch="true" condition-coverage="50% (1/2)" missing-branches="1438"/>
						<line number="1438" hits="0"/>
						<line number="1439" hits="1"/>
						<line number="1440" hits="1"/>
						<line number="1442" hits="1"/>
						<line number="1443" hits="1"/>
						<line number="1444" hits="0"/>
						<line number="1445" hits="0"/>
						<line number="1448" hits="1"/>
						<line number="1449" hits="1"/>
						<line number="1450" hits="1"/>
						<line number="1451" hits="1"/>
						<line number="1452" hits="1" branch="true" condition-coverage="50% (1/2)" missing-branches="1456"/>
						<line number="1453" hits="1" branch="true" condition-coverage="100% (2/2)"/>
						<line number="1454" hits="1"/>
						<line number="1456" hits="1"/>
						<line number="1457" hits="1"/>
						<line number="1460" hits="1" branch="true" condition-coverage="100% (2/2)"/>
						<line number="1461" hits="1" branch="true" condition-coverage="50% (1/2)" missing-branches="1460"/>
						<line number="1462" hits="1"/>
						<line number="1463" hits="1" branch="true" condition-coverage="50% (1/2)" missing-branches="1465"/>
						<line number="1464" hits="1"/>
						<line number="1465" hits="0" branch="true" condition-coverage="0% (0/2)" missing-branches="1460,1466"/>
						<line number="1466" hits="0"/>
						<line number="1468" hits="1"/>
						<line number="1469" hits="1"/>
						<line number="1471" hits="1"/>
						<line number="1473" hits="1"/>
						<line number="1476" hits="1"/>
						<line number="1477" hits="1"/>
						<line number="1478" hits="1"/>
						<line number="1479" hits="1"/>
						<line number="1480" hits="1"/>
						<line number="1481" hits="1"/>
						<line number="1482" hits="1"/>
						<line number="1483" hits="1"/>
						<line number="1484" hits="1"/>
						<line number="1485" hits="1"/>
						<line number="1486" hits="1"/>
						<line number="1489" hits="1"/>
						<line number="1490" hits="1"/>
						<line number="1493" hits="1" branch="true" condition-coverage="100% (2/2)"/>
						<line number="1494" hits="1"/>
						<line number="1495" hits="1"/>
						<line number="1497" hits="1"/>
						<line number="1498" hits="1"/>
						<line number="1500" hits="1"/>
						<line number="1503" hits="1"/>
						<line number="1525" hits="1"/>
						<line number="1526" hits="1"/>
						<line number="1527" hits="1"/>
						<line number="1528" hits="1"/>
						<line number="1529" hits="1" branch="true" condition-coverage="100% (2/2)"/>
						<line number="1530" hits="1"/>
						<line number="1531" hits="1"/>
						<line number="1532" hits="1" branch="true" condition-coverage="100% (2/2)"/>
						<line number="1533" hits="1"/>
						<line number="1534" hits="1" branch="true" condition-coverage="100% (2/2)"/>
						<line number="1535" hits="1"/>
						<line number="1536" hits="1"/>
						<line number="1541" hits="1"/>
						<line number="1543" hits="1"/>
						<line number="1544" hits="1"/>
						<line number="1545" hits="1" branch="true" condition-coverage="100% (2/2)"/>
						<line number="1546" hits="1" branch="true" condition-coverage="100% (2/2)"/>
						<line number="1547" hits="1"/>
						<line number="1548" hits="1" branch="true" condition-coverage="50% (1/2)" missing-branches="1545"/>
						<line number="1549" hits="1"/>
						<line number="1551" hits="1"/>
						<line number="1554" hits="1" branch="true" condition-coverage="100% (2/2)"/>
						<line number="1555" hits="1" branch="true" condition-coverage="100% (2/2)"/>
						<line number="1556" hits="1"/>
						<line number="1557" hits="1" branch="true" condition-coverage="100% (2/2)"/>
						<line number="1558" hits="1"/>
						<line number="1559" hits="1" branch="true" condition-coverage="50% (1/2)" missing-branches="1560"/>
						<line number="1560" hits="0"/>
						<line number="1563" hits="1" branch="true" condition-coverage="100% (2/2)"/>
						<line number="1564" hits="1"/>
						<line number="1565" hits="1" branch="true" condition-coverage="100% (2/2)"/>
						<line number="1566" hits="1" branch="true" condition-coverage="100% (2/2)"/>
						<line number="1567" hits="1"/>
						<line number="1568" hits="1" branch="true" condition-coverage="100% (2/2)"/>
						<line number="1569" hits="1"/>
						<line number="1570" hits="1"/>
						<line number="1574" hits="1" branch="true" condition-coverage="100% (2/2)"/>
						<line number="1575" hits="1"/>
						<line number="1576" hits="1"/>
						<line number="1578" hits="1"/>
						<line number="1581" hits="1"/>
						<line number="1582" hits="1"/>
						<line number="1583" hits="1"/>
						<line number="1584" hits="1"/>
						<line number="1585" hits="1"/>
						<line number="1586" hits="1"/>
						<line number="1588" hits="1"/>
						<line number="1590" hits="1"/>
						<line number="1591" hits="1"/>
						<line number="1592" hits="1"/>
						<line number="1594" hits="1"/>
						<line number="1600" hits="1"/>
						<line number="1601" hits="1"/>
						<line number="1602" hits="1"/>
						<line number="1603" hits="1"/>
						<line number="1605" hits="1"/>
						<line number="1607" hits="1"/>
						<line number="1610" hits="1"/>
						<line number="1616" hits="1"/>
						<line number="1618" hits="1"/>
						<line number="1620" hits="1"/>
						<line number="1622" hits="1"/>
						<line number="1623" hits="1" branch="true" condition-coverage="50% (1/2)" missing-branches="1628"/>
						<line number="1624" hits="1"/>
						<line number="1625" hits="1"/>
						<line number="1626" hits="1"/>
						<line number="1627" hits="1"/>
						<line number="1628" hits="0"/>
						<line number="1630" hits="1"/>
						<line number="1631" hits="1" branch="true" condition-coverage="50% (1/2)" missing-branches="1636"/>
						<line number="1632" hits="1"/>
						<line number="1633" hits="1"/>
						<line number="1634" hits="1"/>
						<line number="1635" hits="1"/>
						<line number="1636" hits="0"/>
						<line number="1639" hits="1"/>
						<line number="1655" hits="1"/>
						<line number="1656" hits="1"/>
						<line number="1657" hits="1"/>
						<line number="1661" hits="1" branch="true" condition-coverage="100% (2/2)"/>
						<line number="1662" hits="1"/>
						<line number="1664" hits="1"/>
						<line number="1665" hits="1"/>
						<line number="1668" hits="1"/>
						<line number="1669" hits="1" branch="true" condition-coverage="100% (2/2)"/>
						<line number="1670" hits="1"/>
						<line number="1674" hits="1"/>
						<line number="1675" hits="1"/>
						<line number="1676" hits="1"/>
						<line number="1679" hits="1"/>
						<line number="1680" hits="1"/>
						<line number="1682" hits="1"/>
						<line number="1683" hits="1"/>
						<line number="1684" hits="1"/>
						<line number="1685" hits="1" branch="true" condition-coverage="100% (2/2)"/>
						<line number="1686" hits="1" branch="true" condition-coverage="50% (1/2)" missing-branches="1688"/>
						<line number="1687" hits="1"/>
						<line number="1688" hits="1" branch="true" condition-coverage="50% (1/2)" missing-branches="1685"/>
						<line number="1689" hits="1"/>
						<line number="1691" hits="1"/>
						<line number="1694" hits="1"/>
						<line number="1695" hits="1"/>
						<line number="1696" hits="1" branch="true" condition-coverage="100% (2/2)"/>
						<line number="1697" hits="1"/>
						<line number="1698" hits="1" branch="true" condition-coverage="100% (2/2)"/>
						<line number="1699" hits="1"/>
						<line number="1700" hits="1" branch="true" condition-coverage="100% (2/2)"/>
						<line number="1701" hits="1"/>
						<line number="1702" hits="1" branch="true" condition-coverage="100% (2/2)"/>
						<line number="1703" hits="1"/>
						<line number="1706" hits="1"/>
						<line number="1707" hits="1"/>
						<line number="1710" hits="1" branch="true" condition-coverage="100% (2/2)"/>
						<line number="1711" hits="1" branch="true" condition-coverage="50% (1/2)" missing-branches="1710"/>
						<line number="1712" hits="1"/>
						<line number="1713" hits="1" branch="true" condition-coverage="100% (2/2)"/>
						<line number="1714" hits="1"/>
						<line number="1715" hits="1" branch="true" condition-coverage="50% (1/2)" missing-branches="1710"/>
						<line number="1716" hits="1"/>
						<line number="1721" hits="1"/>
						<line number="1726" hits="1"/>
						<line number="1727" hits="1"/>
						<line number="1728" hits="1"/>
						<line number="1729" hits="0"/>
						<line number="1730" hits="0"/>
						<line number="1732" hits="1"/>
						<line number="1734" hits="1"/>
						<line number="1738" hits="1" branch="true" condition-coverage="100% (2/2)"/>
						<line number="1739" hits="1" branch="true" condition-coverage="50% (1/2)" missing-branches="1740"/>
						<line number="1740" hits="0"/>
						<line number="1741" hits="1"/>
						<line number="1742" hits="1"/>
						<line number="1743" hits="1"/>
						<line number="1746" hits="1"/>
						<line number="1747" hits="1"/>
						<line number="1748" hits="1" branch="true" condition-coverage="100% (2/2)"/>
						<line number="1749" hits="1" branch="true" condition-coverage="50% (1/2)" missing-branches="1750"/>
						<line number="1750" hits="0"/>
						<line number="1751" hits="1" branch="true" condition-coverage="50% (1/2)" missing-branches="1758"/>
						<line number="1752" hits="1" branch="true" condition-coverage="50% (1/2)" missing-branches="1753"/>
						<line number="1753" hits="0"/>
						<line number="1754" hits="0"/>
						<line number="1756" hits="1"/>
						<line number="1758" hits="1"/>
						<line number="1761" hits="1"/>
						<line number="1762" hits="1" branch="true" condition-coverage="100% (2/2)"/>
						<line number="1763" hits="1"/>
						<line number="1764" hits="1"/>
						<line number="1765" hits="1"/>
						<line number="1766" hits="0"/>
						<line number="1767" hits="0"/>
						<line number="1768" hits="1"/>
						<line number="1771" hits="1"/>
						<line number="1772" hits="1"/>
						<line number="1773" hits="1"/>
						<line number="1776" hits="1"/>
						<line number="1777" hits="1"/>
						<line number="1778" hits="1"/>
						<line number="1779" hits="1"/>
						<line number="1780" hits="1"/>
						<line number="1781" hits="1"/>
						<line number="1782" hits="1"/>
						<line number="1783" hits="1"/>
						<line number="1784" hits="1"/>
						<line number="1785" hits="1"/>
						<line number="1786" hits="1"/>
						<line number="1787" hits="1"/>
						<line number="1790" hits="1"/>
						<line number="1791" hits="1" branch="true" condition-coverage="100% (2/2)"/>
						<line number="1792" hits="1" branch="true" condition-coverage="100% (2/2)"/>
						<line number="1793" hits="1"/>
						<line number="1794" hits="1"/>
						<line number="1795" hits="0"/>
						<line number="1796" hits="0"/>
						<line number="1797" hits="1"/>
						<line number="1798" hits="1"/>
						<line number="1800" hits="1"/>
						<line number="1801" hits="1"/>
						<line number="1803" hits="1"/>
						<line number="1806" hits="1"/>
						<line number="1808" hits="1" branch="true" condition-coverage="100% (2/2)"/>
						<line number="1809" hits="1"/>
						<line number="1810" hits="1" branch="true" condition-coverage="100% (2/2)"/>
						<line number="1811" hits="1"/>
						<line number="1812" hits="1"/>
						<line number="1815" hits="1"/>
						<line number="1826" hits="1"/>
						<line number="1827" hits="1"/>
						<line number="1828" hits="1"/>
						<line number="1829" hits="1"/>
						<line number="1832" hits="1"/>
						<line number="1833" hits="1"/>
						<line number="1834" hits="1"/>
						<line number="1835" hits="1"/>
						<line number="1836" hits="1" branch="true" condition-coverage="100% (2/2)"/>
						<line number="1837" hits="1"/>
						<line number="1838" hits="1" branch="true" condition-coverage="100% (2/2)"/>
						<line number="1839" hits="1"/>
						<line number="1840" hits="1" branch="true" condition-coverage="100% (2/2)"/>
						<line number="1841" hits="1"/>
						<line number="1842" hits="1" branch="true" condition-coverage="100% (2/2)"/>
						<line number="1843" hits="1"/>
						<line number="1844" hits="1" branch="true" condition-coverage="100% (2/2)"/>
						<line number="1848" hits="1"/>
						<line number="1849" hits="1" branch="true" condition-coverage="100% (2/2)"/>
						<line number="1850" hits="1"/>
						<line number="1853" hits="1"/>
						<line number="1854" hits="1" branch="true" condition-coverage="100% (2/2)"/>
						<line number="1856" hits="1"/>
						<line number="1857" hits="1"/>
						<line number="1858" hits="1"/>
						<line number="1859" hits="1"/>
						<line number="1860" hits="1"/>
						<line number="1863" hits="1"/>
						<line number="1865" hits="1"/>
						<line number="1875" hits="1"/>
						<line number="1881" hits="1"/>
						<line number="1882" hits="1" branch="true" condition-coverage="100% (2/2)"/>
						<line number="1883" hits="1"/>
						<line number="1884" hits="1"/>
						<line number="1885" hits="1" branch="true" condition-coverage="100% (2/2)"/>
						<line number="1886" hits="1"/>
						<line number="1887" hits="1"/>
						<line number="1889" hits="1"/>
						<line number="1891" hits="1"/>
						<line number="1897" hits="1"/>
						<line number="1900" hits="1"/>
						<line number="1903" hits="1"/>
						<line number="1904" hits="1"/>
						<line number="1905" hits="1"/>
						<line number="1906" hits="1"/>
						<line number="1907" hits="1"/>
						<line number="1908" hits="1" branch="true" condition-coverage="100% (2/2)"/>
						<line number="1909" hits="1"/>
						<line number="1910" hits="1"/>
						<line number="1911" hits="1"/>
						<line number="1912" hits="1"/>
						<line number="1915" hits="1"/>
						<line number="1916" hits="1" branch="true" condition-coverage="100% (2/2)"/>
						<line number="1917" hits="1" branch="true" condition-coverage="100% (2/2)"/>
						<line number="1918" hits="1"/>
						<line number="1919" hits="1"/>
						<line number="1920" hits="1"/>
						<line number="1921" hits="1"/>
						<line number="1922" hits="1"/>
						<line number="1923" hits="1"/>
						<line number="1924" hits="1"/>
						<line number="1925" hits="1"/>
						<line number="1927" hits="1"/>
						<line number="1929" hits="1"/>
						<line number="1932" hits="1" branch="true" condition-coverage="100% (2/2)"/>
						<line number="1933" hits="1"/>
						<line number="1935" hits="1"/>
						<line number="1936" hits="1" branch="true" condition-coverage="100% (2/2)"/>
						<line number="1937" hits="1"/>
						<line number="1938" hits="1"/>
						<line number="1940" hits="1" branch="true" condition-coverage="50% (1/2)" missing-branches="1950"/>
						<line number="1941" hits="1" branch="true" condition-coverage="50% (1/2)" missing-branches="1940"/>
						<line number="1942" hits="1"/>
						<line number="1943" hits="1" branch="true" condition-coverage="100% (2/2)"/>
						<line number="1944" hits="1"/>
						<line number="1945" hits="1" branch="true" condition-coverage="100% (2/2)"/>
						<line number="1946" hits="1"/>
						<line number="1947" hits="1"/>
						<line number="1948" hits="1"/>
						<line number="1950" hits="1"/>
						<line number="1957" hits="1"/>
						<line number="1960" hits="1"/>
						<line number="1962" hits="1"/>
						<line number="1963" hits="1" branch="true" condition-coverage="50% (1/2)" missing-branches="1964"/>
						<line number="1964" hits="0"/>
						<line number="1965" hits="0"/>
						<line number="1966" hits="1"/>
						<line number="1974" hits="1"/>
						<line number="1976" hits="1"/>
						<line number="1977" hits="1"/>
						<line number="1979" hits="1" branch="true" condition-coverage="50% (1/2)" missing-branches="1984"/>
						<line number="1981" hits="1"/>
						<line number="1984" hits="0"/>
						<line number="1985" hits="0" branch="true" condition-coverage="0% (0/2)" missing-branches="1986,1989"/>
						<line number="1986" hits="0"/>
						<line number="1987" hits="0"/>
						<line number="1988" hits="0"/>
						<line number="1989" hits="0"/>
						<line number="1992" hits="1"/>
						<line number="1994" hits="1" branch="true" condition-coverage="50% (1/2)" missing-branches="1996"/>
						<line number="1995" hits="1"/>
						<line number="1996" hits="0"/>
						<line number="1997" hits="0"/>
						<line number="1998" hits="0"/>
						<line number="1999" hits="0" branch="true" condition-coverage="0% (0/2)" missing-branches="2000,2001"/>
						<line number="2000" hits="0"/>
						<line number="2001" hits="0"/>
						<line number="2004" hits="1"/>
						<line number="2011" hits="1" branch="true" condition-coverage="100% (2/2)"/>
						<line number="2012" hits="1"/>
						<line number="2013" hits="1"/>
						<line number="2014" hits="1" branch="true" condition-coverage="100% (2/2)"/>
						<line number="2015" hits="1"/>
						<line number="2016" hits="1"/>
						<line number="2017" hits="1" branch="true" condition-coverage="100% (2/2)"/>
						<line number="2018" hits="1"/>
						<line number="2019" hits="1"/>
						<line number="2022" hits="1"/>
						<line number="2024" hits="1" branch="true" condition-coverage="50% (1/2)" missing-branches="2026"/>
						<line number="2025" hits="1"/>
						<line number="2026" hits="0"/>
						<line number="2027" hits="0"/>
						<line number="2030" hits="1"/>
						<line number="2039" hits="1"/>
						<line number="2040" hits="1"/>
						<line number="2042" hits="1" branch="true" condition-coverage="100% (2/2)"/>
						<line number="2043" hits="1" branch="true" condition-coverage="100% (2/2)"/>
						<line number="2044" hits="1"/>
						<line number="2045" hits="1" branch="true" condition-coverage="100% (2/2)"/>
						<line number="2046" hits="1"/>
						<line number="2049" hits="1"/>
						<line number="2055" hits="1"/>
						<line number="2056" hits="1" branch="true" condition-coverage="50% (1/2)" missing-branches="2059"/>
						<line number="2057" hits="1"/>
						<line number="2059" hits="0"/>
						<line number="2060" hits="0" branch="true" condition-coverage="0% (0/2)" missing-branches="2061,2062"/>
						<line number="2061" hits="0"/>
						<line number="2062" hits="0"/>
						<line number="2063" hits="0" branch="true" condition-coverage="0% (0/2)" missing-branches="2064,2065"/>
						<line number="2064" hits="0"/>
						<line number="2065" hits="0"/>
						<line number="2067" hits="0"/>
						<line number="2068" hits="0" branch="true" condition-coverage="0% (0/2)" missing-branches="2069,2071"/>
						<line number="2069" hits="0"/>
						<line number="2070" hits="0"/>
						<line number="2071" hits="0"/>
						<line number="2072" hits="0" branch="true" condition-coverage="0% (0/2)" missing-branches="exit,2073"/>
						<line number="2073" hits="0"/>
						<line number="2076" hits="1"/>
						<line number="2088" hits="1"/>
						<line number="2089" hits="1"/>
						<line number="2091" hits="1"/>
						<line number="2092" hits="1"/>
						<line number="2094" hits="1" branch="true" condition-coverage="100% (2/2)"/>
						<line number="2096" hits="1"/>
						<line number="2099" hits="1"/>
						<line number="2100" hits="1" branch="true" condition-coverage="100% (2/2)"/>
						<line number="2101" hits="1"/>
						<line number="2103" hits="1"/>
						<line number="2104" hits="1" branch="true" condition-coverage="100% (2/2)"/>
						<line number="2105" hits="1"/>
						<line number="2110" hits="1"/>
						<line number="2111" hits="1"/>
						<line number="2112" hits="1" branch="true" condition-coverage="100% (2/2)"/>
						<line number="2113" hits="1"/>
						<line number="2118" hits="1"/>
						<line number="2120" hits="1"/>
						<line number="2121" hits="1"/>
						<line number="2122" hits="1" branch="true" condition-coverage="50% (1/2)" missing-branches="2123"/>
						<line number="2123" hits="0"/>
						<line number="2124" hits="1"/>
						<line number="2125" hits="1"/>
						<line number="2126" hits="1" branch="true" condition-coverage="100% (2/2)"/>
						<line number="2127" hits="1"/>
						<line number="2128" hits="1"/>
						<line number="2129" hits="1"/>
						<line number="2132" hits="1"/>
						<line number="2134" hits="1"/>
						<line number="2141" hits="1"/>
						<line number="2143" hits="1"/>
						<line number="2144" hits="1"/>
						<line number="2145" hits="1"/>
						<line number="2146" hits="1"/>
						<line number="2147" hits="1"/>
						<line number="2150" hits="1"/>
						<line number="2151" hits="1"/>
						<line number="2154" hits="1" branch="true" condition-coverage="100% (2/2)"/>
						<line number="2155" hits="1"/>
						<line number="2156" hits="1"/>
						<line number="2157" hits="1"/>
						<line number="2164" hits="1" branch="true" condition-coverage="100% (2/2)"/>
						<line number="2165" hits="1" branch="true" condition-coverage="50% (1/2)" missing-branches="2170"/>
						<line number="2166" hits="1"/>
						<line number="2168" hits="1"/>
						<line number="2170" hits="1"/>
						<line number="2171" hits="1"/>
						<line number="2172" hits="1" branch="true" condition-coverage="50% (1/2)" missing-branches="2154"/>
						<line number="2173" hits="1" branch="true" condition-coverage="100% (2/2)"/>
						<line number="2174" hits="1" branch="true" condition-coverage="50% (1/2)" missing-branches="2173"/>
						<line number="2175" hits="1"/>
						<line number="2178" hits="1"/>
						<line number="2184" hits="1"/>
						<line number="2185" hits="1"/>
						<line number="2186" hits="1"/>
						<line number="2187" hits="1"/>
						<line number="2188" hits="1"/>
						<line number="2189" hits="1"/>
						<line number="2192" hits="1"/>
						<line number="2195" hits="1" branch="true" condition-coverage="100% (2/2)"/>
						<line number="2196" hits="1"/>
						<line number="2198" hits="1"/>
						<line number="2199" hits="1" branch="true" condition-coverage="100% (2/2)"/>
						<line number="2200" hits="1"/>
						<line number="2201" hits="1" branch="true" condition-coverage="100% (2/2)"/>
						<line number="2202" hits="1"/>
						<line number="2204" hits="1"/>
						<line number="2205" hits="1"/>
						<line number="2208" hits="1"/>
						<line number="2209" hits="1" branch="true" condition-coverage="100% (2/2)"/>
						<line number="2210" hits="1" branch="true" condition-coverage="100% (2/2)"/>
						<line number="2211" hits="1" branch="true" condition-coverage="50% (1/2)" missing-branches="2210"/>
						<line number="2212" hits="1"/>
						<line number="2215" hits="1"/>
						<line number="2217" hits="1"/>
						<line number="2218" hits="1"/>
						<line number="2219" hits="1"/>
						<line number="2220" hits="1"/>
						<line number="2223" hits="1"/>
						<line number="2224" hits="1" branch="true" condition-coverage="100% (2/2)"/>
						<line number="2225" hits="1"/>
						<line number="2226" hits="1"/>
						<line number="2227" hits="1"/>
						<line number="2228" hits="1"/>
						<line number="2229" hits="1" branch="true" condition-coverage="50% (1/2)" missing-branches="2233"/>
						<line number="2230" hits="1"/>
						<line number="2233" hits="1"/>
						<line number="2234" hits="1" branch="true" condition-coverage="100% (2/2)"/>
						<line number="2235" hits="1"/>
						<line number="2236" hits="1"/>
						<line number="2237" hits="1" branch="true" condition-coverage="100% (2/2)"/>
						<line number="2238" hits="1"/>
						<line number="2239" hits="1"/>
						<line number="2241" hits="1"/>
						<line number="2244" hits="1"/>
						<line number="2246" hits="1"/>
						<line number="2247" hits="1"/>
						<line number="2248" hits="1"/>
						<line number="2249" hits="1"/>
						<line number="2252" hits="1"/>
						<line number="2253" hits="1" branch="true" condition-coverage="100% (2/2)"/>
						<line number="2254" hits="1"/>
						<line number="2255" hits="1"/>
						<line number="2256" hits="1"/>
						<line number="2257" hits="1"/>
						<line number="2258" hits="1" branch="true" condition-coverage="50% (1/2)" missing-branches="2260"/>
						<line number="2259" hits="1"/>
						<line number="2260" hits="1"/>
						<line number="2262" hits="1" branch="true" condition-coverage="50% (1/2)" missing-branches="2263"/>
						<line number="2263" hits="0"/>
						<line number="2266" hits="1" branch="true" condition-coverage="100% (2/2)"/>
						<line number="2267" hits="1"/>
						<line number="2268" hits="1"/>
						<line number="2271" hits="1"/>
						<line number="2274" hits="1"/>
						<line number="2280" hits="1"/>
						<line number="2281" hits="1"/>
						<line number="2282" hits="1" branch="true" condition-coverage="100% (2/2)"/>
						<line number="2283" hits="1"/>
						<line number="2284" hits="1"/>
						<line number="2286" hits="1"/>
						<line number="2301" hits="1"/>
						<line number="2302" hits="1"/>
						<line number="2303" hits="1" branch="true" condition-coverage="100% (2/2)"/>
						<line number="2304" hits="1"/>
						<line number="2306" hits="1"/>
						<line number="2316" hits="1"/>
						<line number="2317" hits="1" branch="true" condition-coverage="100% (2/2)"/>
						<line number="2318" hits="1"/>
						<line number="2319" hits="1" branch="true" condition-coverage="100% (2/2)"/>
						<line number="2320" hits="1"/>
						<line number="2321" hits="1"/>
						<line number="2323" hits="1"/>
						<line number="2324" hits="1"/>
						<line number="2326" hits="1" branch="true" condition-coverage="100% (2/2)"/>
						<line number="2327" hits="1"/>
						<line number="2328" hits="1"/>
						<line number="2329" hits="1" branch="true" condition-coverage="100% (2/2)"/>
						<line number="2330" hits="1"/>
						<line number="2331" hits="1"/>
						<line number="2332" hits="1" branch="true" condition-coverage="50% (1/2)" missing-branches="2333"/>
						<line number="2333" hits="0"/>
						<line number="2334" hits="0" branch="true" condition-coverage="0% (0/2)" missing-branches="2335,2336"/>
						<line number="2335" hits="0"/>
						<line number="2336" hits="0" branch="true" condition-coverage="0% (0/2)" missing-branches="2337,2338"/>
						<line number="2337" hits="0"/>
						<line number="2338" hits="0"/>
						<line number="2339" hits="0"/>
						<line number="2341" hits="1"/>
						<line number="2342" hits="1" branch="true" condition-coverage="100% (2/2)"/>
						<line number="2343" hits="1"/>
						<line number="2344" hits="1" branch="true" condition-coverage="50% (1/2)" missing-branches="2345"/>
						<line number="2345" hits="0"/>
						<line number="2346" hits="1"/>
						<line number="2347" hits="1"/>
						<line number="2349" hits="1"/>
						<line number="2350" hits="1"/>
						<line number="2351" hits="1"/>
						<line number="2353" hits="1"/>
						<line number="2364" hits="1"/>
						<line number="2365" hits="1"/>
						<line number="2366" hits="1" branch="true" condition-coverage="100% (2/2)"/>
						<line number="2367" hits="1"/>
						<line number="2368" hits="1"/>
						<line number="2375" hits="1"/>
						<line number="2376" hits="1"/>
						<line number="2378" hits="1" branch="true" condition-coverage="100% (2/2)"/>
						<line number="2379" hits="1"/>
						<line number="2380" hits="1"/>
						<line number="2381" hits="1" branch="true" condition-coverage="100% (2/2)"/>
						<line number="2382" hits="1"/>
						<line number="2383" hits="1"/>
						<line number="2384" hits="1" branch="true" condition-coverage="100% (2/2)"/>
						<line number="2385" hits="1"/>
						<line number="2386" hits="1"/>
						<line number="2387" hits="1" branch="true" condition-coverage="50% (1/2)" missing-branches="2388"/>
						<line number="2388" hits="0"/>
						<line number="2389" hits="1"/>
						<line number="2390" hits="1" branch="true" condition-coverage="50% (1/2)" missing-branches="2391"/>
						<line number="2391" hits="0"/>
						<line number="2392" hits="0" branch="true" condition-coverage="0% (0/2)" missing-branches="2393,2394"/>
						<line number="2393" hits="0"/>
						<line number="2394" hits="0"/>
						<line number="2395" hits="0" branch="true" condition-coverage="0% (0/2)" missing-branches="2396,2397"/>
						<line number="2396" hits="0"/>
						<line number="2397" hits="0"/>
						<line number="2399" hits="1"/>
						<line number="2400" hits="1" branch="true" condition-coverage="50% (1/2)" missing-branches="2402"/>
						<line number="2401" hits="1"/>
						<line number="2402" hits="1"/>
						<line number="2403" hits="1" branch="true" condition-coverage="100% (2/2)"/>
						<line number="2404" hits="1"/>
						<line number="2405" hits="1"/>
						<line number="2407" hits="1"/>
						<line number="2408" hits="1"/>
						<line number="2409" hits="1"/>
						<line number="2411" hits="1"/>
						<line number="2413" hits="1" branch="true" condition-coverage="50% (1/2)" missing-branches="2414"/>
						<line number="2414" hits="0"/>
						<line number="2415" hits="1" branch="true" condition-coverage="50% (1/2)" missing-branches="2416"/>
						<line number="2416" hits="0"/>
						<line number="2417" hits="1" branch="true" condition-coverage="100% (2/2)"/>
						<line number="2418" hits="1"/>
						<line number="2419" hits="1"/>
						<line number="2420" hits="1"/>
						<line number="2421" hits="1" branch="true" condition-coverage="100% (2/2)"/>
						<line number="2422" hits="1"/>
						<line number="2423" hits="1"/>
						<line number="2424" hits="1"/>
						<line number="2425" hits="1"/>
						<line number="2427" hits="1"/>
						<line number="2436" hits="1" branch="true" condition-coverage="100% (2/2)"/>
						<line number="2437" hits="1"/>
						<line number="2438" hits="1"/>
						<line number="2439" hits="1"/>
						<line number="2440" hits="1"/>
						<line number="2442" hits="1" branch="true" condition-coverage="100% (2/2)"/>
						<line number="2443" hits="1"/>
						<line number="2444" hits="1"/>
						<line number="2446" hits="1"/>
						<line number="2447" hits="1"/>
						<line number="2448" hits="1"/>
						<line number="2449" hits="1"/>
						<line number="2450" hits="1" branch="true" condition-coverage="50% (1/2)" missing-branches="exit"/>
						<line number="2451" hits="1" branch="true" condition-coverage="100% (2/2)"/>
						<line number="2452" hits="1" branch="true" condition-coverage="50% (1/2)" missing-branches="2451"/>
						<line number="2453" hits="1"/>
						<line number="2455" hits="1"/>
						<line number="2460" hits="1" branch="true" condition-coverage="50% (1/2)" missing-branches="2463"/>
						<line number="2461" hits="1"/>
						<line number="2462" hits="1"/>
						<line number="2463" hits="0" branch="true" condition-coverage="0% (0/2)" missing-branches="2464,2467"/>
						<line number="2464" hits="0"/>
						<line number="2465" hits="0"/>
						<line number="2466" hits="0"/>
						<line number="2467" hits="0"/>
						<line number="2468" hits="0"/>
						<line number="2470" hits="1"/>
						<line number="2486" hits="1"/>
						<line number="2491" hits="1" branch="true" condition-coverage="100% (2/2)"/>
						<line number="2492" hits="1"/>
						<line number="2493" hits="1" branch="true" condition-coverage="100% (2/2)"/>
						<line number="2494" hits="1"/>
						<line number="2499" hits="1"/>
						<line number="2500" hits="1"/>
						<line number="2501" hits="1"/>
						<line number="2502" hits="1" branch="true" condition-coverage="100% (2/2)"/>
						<line number="2503" hits="1"/>
						<line number="2504" hits="1"/>
						<line number="2512" hits="1" branch="true" condition-coverage="100% (2/2)"/>
						<line number="2513" hits="1"/>
						<line number="2515" hits="1"/>
						<line number="2516" hits="1" branch="true" condition-coverage="100% (2/2)"/>
						<line number="2517" hits="1"/>
						<line number="2518" hits="1"/>
						<line number="2519" hits="1"/>
						<line number="2521" hits="1"/>
						<line number="2532" hits="1"/>
						<line number="2533" hits="1"/>
						<line number="2534" hits="1" branch="true" condition-coverage="100% (2/2)"/>
						<line number="2535" hits="1"/>
						<line number="2536" hits="1"/>
						<line number="2543" hits="1" branch="true" condition-coverage="100% (2/2)"/>
						<line number="2544" hits="1"/>
						<line number="2546" hits="1"/>
						<line number="2547" hits="1" branch="true" condition-coverage="50% (1/2)" missing-branches="2549"/>
						<line number="2548" hits="1"/>
						<line number="2549" hits="1"/>
						<line number="2550" hits="1"/>
						<line number="2552" hits="1"/>
						<line number="2554" hits="1"/>
						<line number="2556" hits="1"/>
						<line number="2557" hits="1"/>
						<line number="2558" hits="1"/>
						<line number="2559" hits="1"/>
						<line number="2560" hits="1"/>
						<line number="2561" hits="1"/>
						<line number="2562" hits="1"/>
						<line number="2563" hits="1"/>
						<line number="2564" hits="1"/>
						<line number="2572" hits="1"/>
						<line number="2593" hits="1"/>
						<line number="2595" hits="1"/>
						<line number="2596" hits="1"/>
						<line number="2605" hits="1"/>
						<line number="2606" hits="1" branch="true" condition-coverage="100% (2/2)"/>
						<line number="2607" hits="1"/>
						<line number="2608" hits="1"/>
						<line number="2609" hits="1"/>
						<line number="2611" hits="1"/>
						<line number="2612" hits="1"/>
						<line number="2614" hits="1"/>
						<line number="2630" hits="1"/>
						<line number="2631" hits="1"/>
						<line number="2632" hits="1"/>
						<line number="2633" hits="1"/>
						<line number="2634" hits="1" branch="true" condition-coverage="100% (2/2)"/>
						<line number="2639" hits="1"/>
						<line number="2640" hits="1"/>
						<line number="2646" hits="1" branch="true" condition-coverage="100% (2/2)"/>
						<line number="2647" hits="1" branch="true" condition-coverage="100% (2/2)"/>
						<line number="2648" hits="1"/>
						<line number="2649" hits="1"/>
						<line number="2651" hits="1"/>
						<line number="2653" hits="1"/>
						<line number="2654" hits="1"/>
						<line number="2655" hits="1"/>
						<line number="2657" hits="1"/>
						<line number="2658" hits="1"/>
						<line number="2660" hits="1"/>
						<line number="2662" hits="1"/>
						<line number="2663" hits="1"/>
						<line number="2664" hits="1"/>
						<line number="2666" hits="1"/>
						<line number="2667" hits="1" branch="true" condition-coverage="100% (2/2)"/>
						<line number="2668" hits="1" branch="true" condition-coverage="50% (1/2)" missing-branches="2669"/>
						<line number="2669" hits="0"/>
						<line number="2671" hits="1"/>
						<line number="2672" hits="1"/>
						<line number="2674" hits="1"/>
						<line number="2675" hits="1"/>
						<line number="2676" hits="1"/>
						<line number="2681" hits="1"/>
						<line number="2682" hits="1" branch="true" condition-coverage="100% (2/2)"/>
						<line number="2683" hits="1"/>
						<line number="2684" hits="1"/>
						<line number="2686" hits="1"/>
						<line number="2687" hits="1"/>
						<line number="2692" hits="0"/>
						<line number="2694" hits="1"/>
						<line number="2695" hits="1"/>
						<line number="2696" hits="1"/>
						<line number="2698" hits="1"/>
						<line number="2700" hits="1"/>
						<line number="2701" hits="1"/>
						<line number="2702" hits="1"/>
						<line number="2704" hits="1"/>
						<line number="2705" hits="1" branch="true" condition-coverage="50% (1/2)" missing-branches="2712"/>
						<line number="2706" hits="1" branch="true" condition-coverage="50% (1/2)" missing-branches="2705"/>
						<line number="2707" hits="1"/>
						<line number="2708" hits="1" branch="true" condition-coverage="50% (1/2)" missing-branches="2709"/>
						<line number="2709" hits="0"/>
						<line number="2710" hits="0"/>
						<line number="2711" hits="1"/>
						<line number="2712" hits="0"/>
						<line number="2713" hits="0"/>
						<line number="2715" hits="1"/>
						<line number="2716" hits="1"/>
						<line number="2718" hits="1"/>
						<line number="2719" hits="1"/>
						<line number="2720" hits="1"/>
						<line number="2722" hits="1"/>
						<line number="2723" hits="1"/>
						<line number="2737" hits="1" branch="true" condition-coverage="50% (1/2)" missing-branches="2741"/>
						<line number="2739" hits="1"/>
						<line number="2741" hits="0"/>
					</lines>
				</class>
				<class name="query.py" filename="src/sqldataclass/query.py" complexity="0" line-rate="0.537" branch-rate="0.3214">
					<methods/>
					<lines>
						<line number="8" hits="1"/>
						<line number="10" hits="1"/>
						<line number="12" hits="1"/>
						<line number="13" hits="1"/>
						<line number="14" hits="1"/>
						<line number="16" hits="1"/>
						<line number="19" hits="1"/>
						<line number="27" hits="1" branch="true" condition-coverage="50% (1/2)" missing-branches="28"/>
						<line number="28" hits="0"/>
						<line number="29" hits="0"/>
						<line number="30" hits="0"/>
						<line number="31" hits="0" branch="true" condition-coverage="0% (0/2)" missing-branches="32,36"/>
						<line number="32" hits="0" branch="true" condition-coverage="0% (0/2)" missing-branches="31,33"/>
						<line number="33" hits="0"/>
						<line number="34" hits="0" branch="true" condition-coverage="0% (0/2)" missing-branches="31,35"/>
						<line number="35" hits="0"/>
						<line number="36" hits="0"/>
						<line number="37" hits="1"/>
						<line number="38" hits="1" branch="true" condition-coverage="50% (1/2)" missing-branches="40"/>
						<line number="39" hits="1"/>
						<line number="40" hits="0"/>
						<line number="43" hits="1"/>
						<line number="49" hits="1" branch="true" condition-coverage="50% (1/2)" missing-branches="52"/>
						<line number="52" hits="0"/>
						<line number="53" hits="0"/>
						<line number="54" hits="0" branch="true" condition-coverage="0% (0/2)" missing-branches="55,59"/>
						<line number="55" hits="0" branch="true" condition-coverage="0% (0/2)" missing-branches="56,59"/>
						<line number="56" hits="0"/>
						<line number="57" hits="0" branch="true" condition-coverage="0% (0/2)" missing-branches="55,58"/>
						<line number="58" hits="0"/>
						<line number="59" hits="0"/>
						<line number="60" hits="0" branch="true" condition-coverage="0% (0/2)" missing-branches="61,66"/>
						<line number="61" hits="0"/>
						<line number="62" hits="0"/>
						<line number="63" hits="0" branch="true" condition-coverage="0% (0/2)" missing-branches="64,65"/>
						<line number="64" hits="0"/>
						<line number="65" hits="0"/>
						<line number="66" hits="0"/>
						<line number="67" hits="1"/>
						<line number="68" hits="1" branch="true" condition-coverage="100% (2/2)"/>
						<line number="69" hits="1"/>
						<line number="70" hits="1"/>
						<line number="73" hits="1"/>
						<line number="75" hits="1"/>
						<line number="78" hits="1"/>
						<line number="80" hits="1"/>
						<line number="81" hits="1" branch="true" condition-coverage="100% (2/2)"/>
						<line number="82" hits="1"/>
						<line number="83" hits="1"/>
						<line number="86" hits="1"/>
						<line number="88" hits="1"/>
						<line number="89" hits="1" branch="true" condition-coverage="100% (2/2)"/>
						<line number="90" hits="1"/>
						<line number="91" hits="1"/>
					</lines>
				</class>
				<class name="registry.py" filename="src/sqldataclass/registry.py" complexity="0" line-rate="1" branch-rate="1">
					<methods/>
					<lines>
						<line number="7" hits="1"/>
						<line number="9" hits="1"/>
						<line number="10" hits="1"/>
						<line number="11" hits="1"/>
						<line number="14" hits="1"/>
						<line number="18" hits="1"/>
						<line number="21" hits="1"/>
						<line number="23" hits="1"/>
						<line number="24" hits="1"/>
						<line number="27" hits="1"/>
						<line number="29" hits="1"/>
						<line number="32" hits="1"/>
						<line number="34" hits="1"/>
					</lines>
				</class>
				<class name="repository.py" filename="src/sqldataclass/repository.py" complexity="0" line-rate="0.9487" branch-rate="0.75">
					<methods/>
					<lines>
						<line number="10" hits="1"/>
						<line number="12" hits="1"/>
						<line number="13" hits="1"/>
						<line number="14" hits="1"/>
						<line number="16" hits="1"/>
						<line number="22" hits="1"/>
						<line number="24" hits="1" branch="true" condition-coverage="50% (1/2)" missing-branches="26"/>
						<line number="25" hits="1"/>
						<line number="26" hits="0"/>
						<line number="28" hits="0"/>
						<line number="31" hits="1"/>
						<line number="41" hits="1"/>
						<line number="42" hits="1"/>
						<line number="44" hits="1"/>
						<line number="46" hits="1"/>
						<line number="47" hits="1"/>
						<line number="49" hits="1"/>
						<line number="51" hits="1"/>
						<line number="52" hits="1"/>
						<line number="54" hits="1"/>
						<line number="56" hits="1"/>
						<line number="57" hits="1"/>
						<line number="58" hits="1" branch="true" condition-coverage="100% (2/2)"/>
						<line number="59" hits="1"/>
						<line number="60" hits="1"/>
						<line number="63" hits="1"/>
						<line number="66" hits="1"/>
						<line number="68" hits="1"/>
						<line number="70" hits="1"/>
						<line number="72" hits="1"/>
						<line number="75" hits="1"/>
						<line number="87" hits="1"/>
						<line number="88" hits="1"/>
						<line number="90" hits="1"/>
						<line number="91" hits="1"/>
						<line number="93" hits="1"/>
						<line number="94" hits="1"/>
						<line number="96" hits="1"/>
						<line number="98" hits="1"/>
					</lines>
				</class>
				<class name="return_types.py" filename="src/sqldataclass/return_types.py" complexity="0" line-rate="0.9412" branch-rate="1">
					<methods/>
					<lines>
						<line number="7" hits="1"/>
						<line number="9" hits="1"/>
						<line number="10" hits="1"/>
						<line number="11" hits="1"/>
						<line number="13" hits="1"/>
						<line number="16" hits="1"/>
						<line number="17" hits="1"/>
						<line number="20" hits="1"/>
						<line number="21" hits="1"/>
						<line number="23" hits="1"/>
						<line number="24" hits="1"/>
						<line number="25" hits="1"/>
						<line number="28" hits="1"/>
						<line number="29" hits="1"/>
						<line number="32" hits="1"/>
						<line number="35" hits="1"/>
						<line number="36" hits="1"/>
						<line number="39" hits="1"/>
						<line number="42" hits="1"/>
						<line number="43" hits="1"/>
						<line number="46" hits="1"/>
						<line number="47" hits="1"/>
						<line number="49" hits="1"/>
						<line number="50" hits="0"/>
						<line number="51" hits="0"/>
						<line number="54" hits="1"/>
						<line number="55" hits="1"/>
						<line number="58" hits="1"/>
						<line number="61" hits="1"/>
						<line number="62" hits="1"/>
						<line number="65" hits="1"/>
						<line number="68" hits="1"/>
						<line number="69" hits="1"/>
						<line number="72" hits="1"/>
					</lines>
				</class>
				<class name="utils.py" filename="src/sqldataclass/utils.py" complexity="0" line-rate="0.8182" branch-rate="0.8333">
					<methods/>
					<lines>
						<line number="3" hits="1"/>
						<line number="5" hits="1"/>
						<line number="8" hits="1"/>
						<line number="14" hits="1" branch="true" condition-coverage="100% (2/2)"/>
						<line number="15" hits="1"/>
						<line number="16" hits="1" branch="true" condition-coverage="50% (1/2)" missing-branches="19"/>
						<line number="17" hits="1"/>
						<line number="19" hits="0"/>
						<line number="20" hits="0"/>
						<line number="22" hits="1" branch="true" condition-coverage="100% (2/2)"/>
						<line number="23" hits="1"/>
					</lines>
				</class>
				<class name="validators.py" filename="src/sqldataclass/validators.py" complexity="0" line-rate="1" branch-rate="1">
					<methods/>
					<lines>
						<line number="3" hits="1"/>
						<line number="5" hits="1"/>
						<line number="7" hits="1"/>
						<line number="10" hits="1"/>
						<line number="26" hits="1" branch="true" condition-coverage="100% (2/2)"/>
						<line number="27" hits="1"/>
						<line number="28" hits="1" branch="true" condition-coverage="100% (2/2)"/>
						<line number="29" hits="1"/>
						<line number="30" hits="1"/>
						<line number="31" hits="1"/>
					</lines>
				</class>
				<class name="versioning.py" filename="src/sqldataclass/versioning.py" complexity="0" line-rate="1" branch-rate="1">
					<methods/>
					<lines>
						<line number="34" hits="1"/>
						<line number="36" hits="1"/>
						<line number="37" hits="1"/>
						<line number="38" hits="1"/>
						<line number="44" hits="1"/>
						<line number="45" hits="1"/>
						<line number="59" hits="1"/>
						<line number="60" hits="1"/>
						<line number="63" hits="1"/>
						<line number="71" hits="1"/>
						<line number="72" hits="1"/>
						<line number="75" hits="1"/>
						<line number="83" hits="1"/>
						<line number="84" hits="1"/>
						<line number="87" hits="1"/>
						<line number="93" hits="1"/>
						<line number="94" hits="1" branch="true" condition-coverage="100% (2/2)"/>
						<line number="95" hits="1"/>
						<line number="96" hits="1"/>
						<line number="97" hits="1"/>
					</lines>
				</class>
				<class name="write.py" filename="src/sqldataclass/write.py" complexity="0" line-rate="0.7407" branch-rate="0.5556">
					<methods/>
					<lines>
						<line number="3" hits="1"/>
						<line number="5" hits="1"/>
						<line number="6" hits="1"/>
						<line number="8" hits="1"/>
						<line number="9" hits="1"/>
						<line number="10" hits="1"/>
						<line number="11" hits="1"/>
						<line number="13" hits="1"/>
						<line number="16" hits="1"/>
						<line number="18" hits="1"/>
						<line number="21" hits="1"/>
						<line number="23" hits="1" branch="true" condition-coverage="100% (2/2)"/>
						<line number="24" hits="1"/>
						<line number="27" hits="1"/>
						<line number="39" hits="1"/>
						<line number="40" hits="1"/>
						<line number="41" hits="1"/>
						<line number="42" hits="1"/>
						<line number="47" hits="1" branch="true" condition-coverage="100% (2/2)"/>
						<line number="48" hits="1"/>
						<line number="50" hits="1"/>
						<line number="51" hits="1"/>
						<line number="54" hits="1"/>
						<line number="67" hits="0"/>
						<line number="68" hits="0"/>
						<line number="69" hits="0"/>
						<line number="70" hits="0"/>
						<line number="75" hits="0" branch="true" condition-coverage="0% (0/2)" missing-branches="76,78"/>
						<line number="76" hits="0"/>
						<line number="78" hits="0"/>
						<line number="79" hits="0"/>
						<line number="80" hits="0"/>
						<line number="81" hits="0"/>
						<line number="82" hits="0" branch="true" condition-coverage="0% (0/2)" missing-branches="exit,83"/>
						<line number="83" hits="0" branch="true" condition-coverage="0% (0/2)" missing-branches="exit,84"/>
						<line number="84" hits="0" branch="true" condition-coverage="0% (0/2)" missing-branches="83,85"/>
						<line number="85" hits="0"/>
						<line number="88" hits="1"/>
						<line number="90" hits="1" branch="true" condition-coverage="100% (2/2)"/>
						<line number="91" hits="1"/>
						<line number="92" hits="1"/>
						<line number="93" hits="1"/>
						<line number="100" hits="1"/>
						<line number="113" hits="1" branch="true" condition-coverage="100% (2/2)"/>
						<line number="114" hits="1"/>
						<line number="115" hits="1" branch="true" condition-coverage="100% (2/2)"/>
						<line number="116" hits="1"/>
						<line number="118" hits="1"/>
						<line number="121" hits="1"/>
						<line number="122" hits="1"/>
						<line number="123" hits="1"/>
						<line number="128" hits="1"/>
						<line number="131" hits="1"/>
						<line number="137" hits="1"/>
					</lines>
				</class>
			</classes>
		</package>
	</packages>
</coverage>
